<?xml version="1.0" encoding="UTF-8"?>
<testng-results skipped="0" failed="0" ignored="0" total="1" passed="1">
  <reporter-output>
  </reporter-output>
  <suite name="Default suite" duration-ms="61950" started-at="2018-02-21T01:35:58Z" finished-at="2018-02-21T01:37:00Z">
    <groups>
    </groups>
    <test name="Default test" duration-ms="61950" started-at="2018-02-21T01:35:58Z" finished-at="2018-02-21T01:37:00Z">
      <class name="qa.alfresco.google.testcases.GoogleSearchTestRunner">
        <test-method status="PASS" signature="GoogleTest(java.util.Hashtable)[pri:0, instance:qa.alfresco.google.testcases.GoogleSearchTestRunner@58a9760d]" name="GoogleTest" duration-ms="61716" started-at="2018-02-21T01:35:58Z" data-provider="getData" finished-at="2018-02-21T01:37:00Z">
          <params>
            <param index="0">
              <value>
                <![CDATA[{Runmode=Y, SearchTerm=Software Testing, Browser=Mozilla}]]>
              </value>
            </param>
          </params>
          <reporter-output>
          </reporter-output>
        </test-method> <!-- GoogleTest -->
        <test-method status="PASS" signature="quit()[pri:0, instance:qa.alfresco.google.testcases.GoogleSearchTestRunner@58a9760d]" name="quit" is-config="true" duration-ms="210" started-at="2018-02-21T01:37:00Z" finished-at="2018-02-21T01:37:00Z">
          <reporter-output>
          </reporter-output>
        </test-method> <!-- quit -->
      </class> <!-- qa.alfresco.google.testcases.GoogleSearchTestRunner -->
    </test> <!-- Default test -->
  </suite> <!-- Default suite -->
</testng-results>
