<?xml version="1.0" encoding="UTF-8"?>
<testng-results skipped="0" failed="0" ignored="0" total="1" passed="1">
  <reporter-output>
  </reporter-output>
  <suite name="Surefire suite" duration-ms="55795" started-at="2018-02-21T01:38:10Z" finished-at="2018-02-21T01:39:06Z">
    <groups>
    </groups>
    <test name="Surefire test" duration-ms="55795" started-at="2018-02-21T01:38:10Z" finished-at="2018-02-21T01:39:06Z">
      <class name="qa.alfresco.google.testcases.GoogleSearchTestRunner">
        <test-method status="PASS" signature="GoogleTest(java.util.Hashtable)[pri:0, instance:qa.alfresco.google.testcases.GoogleSearchTestRunner@443118b0]" name="GoogleTest" duration-ms="55602" started-at="2018-02-21T01:38:10Z" data-provider="getData" finished-at="2018-02-21T01:39:06Z">
          <params>
            <param index="0">
              <value>
                <![CDATA[{Runmode=Y, SearchTerm=Software Testing, Browser=Mozilla}]]>
              </value>
            </param>
          </params>
          <reporter-output>
          </reporter-output>
        </test-method> <!-- GoogleTest -->
        <test-method status="PASS" signature="quit()[pri:0, instance:qa.alfresco.google.testcases.GoogleSearchTestRunner@443118b0]" name="quit" is-config="true" duration-ms="174" started-at="2018-02-21T01:39:06Z" finished-at="2018-02-21T01:39:06Z">
          <reporter-output>
          </reporter-output>
        </test-method> <!-- quit -->
      </class> <!-- qa.alfresco.google.testcases.GoogleSearchTestRunner -->
    </test> <!-- Surefire test -->
  </suite> <!-- Surefire suite -->
</testng-results>
